<?xml version="1.0" encoding="UTF-8"?>
<!-- Generated by org.testng.reporters.JUnitXMLReporter -->
<testsuite ignored="0" hostname="Akhilash" failures="0" tests="1" name="Test-Runner-2" time="41.009" errors="0" timestamp="2023-04-20T09:58:39 IST">
  <testcase classname="vTiger.OrganizationTests.CreateOrganizationTest" name="craeteOrganization" time="18.816"/>
</testsuite> <!-- Test-Runner-2 -->
