<?xml version="1.0" encoding="UTF-8"?>
<!-- Generated by org.testng.reporters.JUnitXMLReporter -->
<testsuite ignored="0" hostname="Akhilash" failures="0" tests="1" name="Test-Runner-Firefox" time="33.256" errors="0" timestamp="2023-04-20T10:22:24 IST">
  <testcase classname="vTiger.OrganizationTests.CreateOrganizationTest" name="craeteOrganization" time="17.43"/>
</testsuite> <!-- Test-Runner-Firefox -->
