<?xml version="1.0" encoding="UTF-8"?>
<!-- Generated by org.testng.reporters.JUnitXMLReporter -->
<testsuite ignored="0" hostname="Akhilash" failures="0" tests="1" name="Test-Runner-Chrome" time="32.13" errors="0" timestamp="2023-04-20T10:22:23 IST">
  <testcase classname="vTiger.ContactsTest.CreateContactTest" name="createContact" time="16.952"/>
</testsuite> <!-- Test-Runner-Chrome -->
