<?xml version="1.0" encoding="UTF-8"?>
<!-- Generated by org.testng.reporters.JUnitXMLReporter -->
<testsuite ignored="0" hostname="Akhilash" failures="0" tests="1" name="Test-Runner-11" time="39.83" errors="0" timestamp="2023-04-20T09:58:38 IST">
  <testcase classname="vTiger.ContactsTest.CreateContactTest" name="createContact" time="18.31"/>
</testsuite> <!-- Test-Runner-11 -->
