<?xml version="1.0" encoding="UTF-8"?>
<!-- Generated by org.testng.reporters.JUnitReportReporter -->
<testsuite hostname="Akhilash" failures="0" tests="2" name="vTiger.OrganizationTests.CreateOrganizationTest" time="125.568" errors="0" timestamp="2023-05-05T15:50:12 IST" skipped="0">
  <testcase classname="vTiger.OrganizationTests.CreateOrganizationTest" name="craeteOrganization" time="96.507"/>
  <system-out/>
  <testcase classname="vTiger.OrganizationTests.CreateOrganizationTest" name="craeteOrganization" time="29.061"/>
  <system-out/>
</testsuite> <!-- vTiger.OrganizationTests.CreateOrganizationTest -->
