<?xml version="1.0" encoding="UTF-8"?>
<!-- Generated by org.testng.reporters.JUnitReportReporter -->
<testsuite hostname="Akhilash" failures="0" tests="1" name="vTiger.OrganizationTests.CreateOrganizationTest" time="13.619" errors="0" timestamp="2023-05-18T16:00:39 IST" skipped="0">
  <testcase classname="vTiger.OrganizationTests.CreateOrganizationTest" name="craeteOrganization" time="13.619"/>
  <system-out/>
</testsuite> <!-- vTiger.OrganizationTests.CreateOrganizationTest -->
