<?xml version="1.0" encoding="UTF-8"?>
<!-- Generated by org.testng.reporters.JUnitReportReporter -->
<testsuite hostname="Akhilash" failures="0" tests="1" name="vTiger.ContactsTest.CreateContactWithOrganizationTest" time="130.906" errors="0" timestamp="2023-05-05T15:50:12 IST" skipped="0">
  <testcase classname="vTiger.ContactsTest.CreateContactWithOrganizationTest" name="createContactWithOrg" time="130.906"/>
  <system-out/>
</testsuite> <!-- vTiger.ContactsTest.CreateContactWithOrganizationTest -->
