<?xml version="1.0" encoding="UTF-8"?>
<!-- Generated by org.testng.reporters.JUnitReportReporter -->
<testsuite hostname="Akhilash" failures="0" tests="1" name="vTiger.Practice.CalenderPopUp" time="20.978" errors="0" timestamp="2023-05-11T16:08:23 IST" skipped="0">
  <testcase classname="vTiger.Practice.CalenderPopUp" name="SelectAnyDateInDOM" time="20.978"/>
  <system-out/>
</testsuite> <!-- vTiger.Practice.CalenderPopUp -->
