<?xml version="1.0" encoding="UTF-8"?>
<!-- Generated by org.testng.reporters.JUnitReportReporter -->
<testsuite hostname="Akhilash" failures="0" tests="1" name="vTiger.Practice.TablePractice" time="16.979" errors="0" timestamp="2023-05-11T12:03:18 IST" skipped="0">
  <testcase classname="vTiger.Practice.TablePractice" name="login" time="16.979"/>
  <system-out/>
</testsuite> <!-- vTiger.Practice.TablePractice -->
