<?xml version="1.0" encoding="UTF-8"?>
<!-- Generated by org.testng.reporters.JUnitReportReporter -->
<testsuite hostname="Akhilash" failures="0" tests="5" name="vTiger.OrganizationTests.CreateMultileOrganizationWithIndustryTest" time="199.806" errors="0" timestamp="2023-05-05T15:50:12 IST" skipped="0">
  <testcase classname="vTiger.OrganizationTests.CreateMultileOrganizationWithIndustryTest" name="readMultipleData" time="23.728"/>
  <system-out/>
  <testcase classname="vTiger.OrganizationTests.CreateMultileOrganizationWithIndustryTest" name="readMultipleData" time="75.332"/>
  <system-out/>
  <testcase classname="vTiger.OrganizationTests.CreateMultileOrganizationWithIndustryTest" name="readMultipleData" time="20.530"/>
  <system-out/>
  <testcase classname="vTiger.OrganizationTests.CreateMultileOrganizationWithIndustryTest" name="readMultipleData" time="48.623"/>
  <system-out/>
  <testcase classname="vTiger.OrganizationTests.CreateMultileOrganizationWithIndustryTest" name="readMultipleData" time="31.593"/>
  <system-out/>
</testsuite> <!-- vTiger.OrganizationTests.CreateMultileOrganizationWithIndustryTest -->
