<?xml version="1.0" encoding="UTF-8"?>
<!-- Generated by org.testng.reporters.JUnitReportReporter -->
<testsuite hostname="Akhilash" failures="0" tests="5" name="vTiger.OrganizationTests.CreateMultileOrganizationWithIndustryTest" time="134.604" errors="0" timestamp="2023-05-17T19:48:40 IST" skipped="0">
  <testcase classname="vTiger.OrganizationTests.CreateMultileOrganizationWithIndustryTest" name="readMultipleData" time="35.999"/>
  <system-out/>
  <testcase classname="vTiger.OrganizationTests.CreateMultileOrganizationWithIndustryTest" name="readMultipleData" time="21.285"/>
  <system-out/>
  <testcase classname="vTiger.OrganizationTests.CreateMultileOrganizationWithIndustryTest" name="readMultipleData" time="28.715"/>
  <system-out/>
  <testcase classname="vTiger.OrganizationTests.CreateMultileOrganizationWithIndustryTest" name="readMultipleData" time="31.322"/>
  <system-out/>
  <testcase classname="vTiger.OrganizationTests.CreateMultileOrganizationWithIndustryTest" name="readMultipleData" time="17.283"/>
  <system-out/>
</testsuite> <!-- vTiger.OrganizationTests.CreateMultileOrganizationWithIndustryTest -->
