<?xml version="1.0" encoding="UTF-8"?>
<!-- Generated by org.testng.reporters.JUnitReportReporter -->
<testsuite hostname="Akhilash" failures="0" tests="2" name="vTiger.ContactsTest.CreateContactTest" time="33.474" errors="0" timestamp="2023-05-05T16:05:16 IST" skipped="0">
  <testcase classname="vTiger.ContactsTest.CreateContactTest" name="sample" time="7.579"/>
  <system-out/>
  <testcase classname="vTiger.ContactsTest.CreateContactTest" name="createContact" time="25.895"/>
  <system-out/>
</testsuite> <!-- vTiger.ContactsTest.CreateContactTest -->
