<?xml version="1.0" encoding="UTF-8"?>
<!-- Generated by org.testng.reporters.JUnitReportReporter -->
<testsuite hostname="Akhilash" failures="0" tests="5" name="vTiger.OrganizationTests.CreateMultileOrganizationWithIndustry" time="75.422" errors="0" timestamp="2023-04-20T08:32:47 IST" skipped="0">
  <testcase classname="vTiger.OrganizationTests.CreateMultileOrganizationWithIndustry" name="readMultipleData" time="15.474"/>
  <system-out/>
  <testcase classname="vTiger.OrganizationTests.CreateMultileOrganizationWithIndustry" name="readMultipleData" time="14.649"/>
  <system-out/>
  <testcase classname="vTiger.OrganizationTests.CreateMultileOrganizationWithIndustry" name="readMultipleData" time="13.731"/>
  <system-out/>
  <testcase classname="vTiger.OrganizationTests.CreateMultileOrganizationWithIndustry" name="readMultipleData" time="17.697"/>
  <system-out/>
  <testcase classname="vTiger.OrganizationTests.CreateMultileOrganizationWithIndustry" name="readMultipleData" time="13.871"/>
  <system-out/>
</testsuite> <!-- vTiger.OrganizationTests.CreateMultileOrganizationWithIndustry -->
