<?xml version="1.0" encoding="UTF-8"?>
<!-- Generated by org.testng.reporters.JUnitReportReporter -->
<testsuite hostname="Akhilash" failures="0" tests="2" name="vTiger.ContactsTest.CreateContactWithLeadSourceTest" time="199.780" errors="0" timestamp="2023-05-05T15:50:12 IST" skipped="0">
  <testcase classname="vTiger.ContactsTest.CreateContactWithLeadSourceTest" name="createContactWithLeadSource" time="96.041"/>
  <system-out/>
  <testcase classname="vTiger.ContactsTest.CreateContactWithLeadSourceTest" name="createContactWithLeadSource" time="103.739"/>
  <system-out/>
</testsuite> <!-- vTiger.ContactsTest.CreateContactWithLeadSourceTest -->
